<?xml version="1.0" encoding="UTF-8"?>
<!-- Generated by org.testng.reporters.JUnitXMLReporter -->
<testsuite hostname="DESKTOP-SJHE5DR" ignored="0" name="test 4" tests="1" failures="1" timestamp="19 Aug 2021 10:39:34 GMT" time="0.049" errors="0">
  <testcase name="tc1" time="0.0" classname="org.program.ParallelExecutionTestLevel">
    <failure type="org.testng.TestNGException" message="
Parameter &amp;apos;browser&amp;apos; is required by @Test on method tc1 but has not been marked @Optional or defined
in C:\Users\gsmjkv\eclipse-workspace\MavenProject\paralleltesttestng.xml">
      <![CDATA[org.testng.TestNGException: 
Parameter 'browser' is required by @Test on method tc1 but has not been marked @Optional or defined
in C:\Users\gsmjkv\eclipse-workspace\MavenProject\paralleltesttestng.xml
at java.util.concurrent.FutureTask.run(Unknown Source)
at java.util.concurrent.ThreadPoolExecutor.runWorker(Unknown Source)
at java.util.concurrent.ThreadPoolExecutor$Worker.run(Unknown Source)
at java.lang.Thread.run(Unknown Source)
... Removed 15 stack frames]]>
    </failure>
  </testcase> <!-- tc1 -->
</testsuite> <!-- test 4 -->
